<?xml version="1.0" encoding="UTF-8"?>
<!-- Generated by org.testng.reporters.JUnitReportReporter -->
<testsuite hostname="DESKTOP-LB46SUQ" name="com.inetbanking.testcase.TC_loginTest_001" tests="1" failures="0" timestamp="20 May 2019 13:38:33 GMT" time="2.059" errors="0">
  <testcase name="loginTest" time="2.059" classname="com.inetbanking.testcase.TC_loginTest_001"/>
</testsuite> <!-- com.inetbanking.testcase.TC_loginTest_001 -->
