<?xml version="1.0" encoding="UTF-8"?>
<!-- Generated by org.testng.reporters.JUnitReportReporter -->
<testsuite hostname="DESKTOP-LB46SUQ" name="com.inetbanking.testcase.TC_loginTest_001" tests="1" failures="0" timestamp="28 May 2019 09:00:23 GMT" time="2.534" errors="0">
  <testcase name="loginTest" time="2.534" classname="com.inetbanking.testcase.TC_loginTest_001"/>
</testsuite> <!-- com.inetbanking.testcase.TC_loginTest_001 -->
